Assembler report for four_bit_adder_subtractor
Mon Sep 16 20:43:59 2019
Quartus Prime Version 18.1.0 Build 625 09/12/2018 SJ Lite Edition


---------------------
; Table of Contents ;
---------------------
  1. Legal Notice
  2. Assembler Summary
  3. Assembler Settings
  4. Assembler Generated Files
  5. Assembler Device Options: C:/Users/home/Documents/Fpga_proj/four_bit_adder_subtractor/output_files/four_bit_adder_subtractor.sof
  6. Assembler Device Options: C:/Users/home/Documents/Fpga_proj/four_bit_adder_subtractor/output_files/four_bit_adder_subtractor.pof
  7. Assembler Messages



----------------
; Legal Notice ;
----------------
Copyright (C) 2018  Intel Corporation. All rights reserved.
Your use of Intel Corporation's design tools, logic functions 
and other software and tools, and its AMPP partner logic 
functions, and any output files from any of the foregoing 
(including device programming or simulation files), and any 
associated documentation or information are expressly subject 
to the terms and conditions of the Intel Program License 
Subscription Agreement, the Intel Quartus Prime License Agreement,
the Intel FPGA IP License Agreement, or other applicable license
agreement, including, without limitation, that your use is for
the sole purpose of programming logic devices manufactured by
Intel and sold by Intel or its authorized distributors.  Please
refer to the applicable agreement for further details.



+---------------------------------------------------------------+
; Assembler Summary                                             ;
+-----------------------+---------------------------------------+
; Assembler Status      ; Successful - Mon Sep 16 20:43:59 2019 ;
; Revision Name         ; four_bit_adder_subtractor             ;
; Top-level Entity Name ; four_bit_adder_subtractor             ;
; Family                ; Cyclone V                             ;
; Device                ; 5CGXFC5C6F27C7                        ;
+-----------------------+---------------------------------------+


+----------------------------------+
; Assembler Settings               ;
+--------+---------+---------------+
; Option ; Setting ; Default Value ;
+--------+---------+---------------+


+--------------------------------------------------------------------------------------------------------+
; Assembler Generated Files                                                                              ;
+--------------------------------------------------------------------------------------------------------+
; File Name                                                                                              ;
+--------------------------------------------------------------------------------------------------------+
; C:/Users/home/Documents/Fpga_proj/four_bit_adder_subtractor/output_files/four_bit_adder_subtractor.sof ;
; C:/Users/home/Documents/Fpga_proj/four_bit_adder_subtractor/output_files/four_bit_adder_subtractor.pof ;
+--------------------------------------------------------------------------------------------------------+


+----------------------------------------------------------------------------------------------------------------------------------+
; Assembler Device Options: C:/Users/home/Documents/Fpga_proj/four_bit_adder_subtractor/output_files/four_bit_adder_subtractor.sof ;
+----------------+-----------------------------------------------------------------------------------------------------------------+
; Option         ; Setting                                                                                                         ;
+----------------+-----------------------------------------------------------------------------------------------------------------+
; JTAG usercode  ; 0x007816C5                                                                                                      ;
; Checksum       ; 0x007816C5                                                                                                      ;
+----------------+-----------------------------------------------------------------------------------------------------------------+


+----------------------------------------------------------------------------------------------------------------------------------+
; Assembler Device Options: C:/Users/home/Documents/Fpga_proj/four_bit_adder_subtractor/output_files/four_bit_adder_subtractor.pof ;
+--------------------+-------------------------------------------------------------------------------------------------------------+
; Option             ; Setting                                                                                                     ;
+--------------------+-------------------------------------------------------------------------------------------------------------+
; JTAG usercode      ; 0x00000000                                                                                                  ;
; Checksum           ; 0xECE283C0                                                                                                  ;
; Compression Ratio  ; 3                                                                                                           ;
+--------------------+-------------------------------------------------------------------------------------------------------------+


+--------------------+
; Assembler Messages ;
+--------------------+
Info: *******************************************************************
Info: Running Quartus Prime Assembler
    Info: Version 18.1.0 Build 625 09/12/2018 SJ Lite Edition
    Info: Processing started: Mon Sep 16 20:43:52 2019
Info: Command: quartus_asm --read_settings_files=off --write_settings_files=off four_bit_adder_subtractor -c four_bit_adder_subtractor
Info (125069): Default assignment values were changed in the current version of the Quartus Prime software -- changes to default assignments values are contained in file c:/intelfpga_lite/18.1/quartus/bin64/assignment_defaults.qdf
Info (115030): Assembler is generating device programming files
Info: Quartus Prime Assembler was successful. 0 errors, 0 warnings
    Info: Peak virtual memory: 4842 megabytes
    Info: Processing ended: Mon Sep 16 20:43:59 2019
    Info: Elapsed time: 00:00:07
    Info: Total CPU time (on all processors): 00:00:07


