Analysis & Synthesis report for ex_7_1
Thu Nov 14 10:50:40 2019
Quartus Prime Version 18.1.0 Build 625 09/12/2018 SJ Lite Edition


---------------------
; Table of Contents ;
---------------------
  1. Legal Notice
  2. Analysis & Synthesis Summary
  3. Analysis & Synthesis Settings
  4. Parallel Compilation
  5. Analysis & Synthesis Source Files Read
  6. Analysis & Synthesis Resource Usage Summary
  7. Analysis & Synthesis Resource Utilization by Entity
  8. User-Specified and Inferred Latches
  9. General Register Statistics
 10. Multiplexer Restructuring Statistics (Restructuring Performed)
 11. Post-Synthesis Netlist Statistics for Top Partition
 12. Elapsed Time Per Partition
 13. Analysis & Synthesis Messages
 14. Analysis & Synthesis Suppressed Messages



----------------
; Legal Notice ;
----------------
Copyright (C) 2018  Intel Corporation. All rights reserved.
Your use of Intel Corporation's design tools, logic functions 
and other software and tools, and its AMPP partner logic 
functions, and any output files from any of the foregoing 
(including device programming or simulation files), and any 
associated documentation or information are expressly subject 
to the terms and conditions of the Intel Program License 
Subscription Agreement, the Intel Quartus Prime License Agreement,
the Intel FPGA IP License Agreement, or other applicable license
agreement, including, without limitation, that your use is for
the sole purpose of programming logic devices manufactured by
Intel and sold by Intel or its authorized distributors.  Please
refer to the applicable agreement for further details.



+-------------------------------------------------------------------------------+
; Analysis & Synthesis Summary                                                  ;
+---------------------------------+---------------------------------------------+
; Analysis & Synthesis Status     ; Successful - Thu Nov 14 10:50:40 2019       ;
; Quartus Prime Version           ; 18.1.0 Build 625 09/12/2018 SJ Lite Edition ;
; Revision Name                   ; ex_7_1                                      ;
; Top-level Entity Name           ; ex_7_1                                      ;
; Family                          ; Cyclone V                                   ;
; Logic utilization (in ALMs)     ; N/A                                         ;
; Total registers                 ; 0                                           ;
; Total pins                      ; 28                                          ;
; Total virtual pins              ; 0                                           ;
; Total block memory bits         ; 0                                           ;
; Total DSP Blocks                ; 0                                           ;
; Total HSSI RX PCSs              ; 0                                           ;
; Total HSSI PMA RX Deserializers ; 0                                           ;
; Total HSSI TX PCSs              ; 0                                           ;
; Total HSSI PMA TX Serializers   ; 0                                           ;
; Total PLLs                      ; 0                                           ;
; Total DLLs                      ; 0                                           ;
+---------------------------------+---------------------------------------------+


+---------------------------------------------------------------------------------------------------------------------------+
; Analysis & Synthesis Settings                                                                                             ;
+---------------------------------------------------------------------------------+--------------------+--------------------+
; Option                                                                          ; Setting            ; Default Value      ;
+---------------------------------------------------------------------------------+--------------------+--------------------+
; Device                                                                          ; 5CGXFC5C6F27C7     ;                    ;
; Top-level entity name                                                           ; ex_7_1             ; ex_7_1             ;
; Family name                                                                     ; Cyclone V          ; Cyclone V          ;
; Use smart compilation                                                           ; Off                ; Off                ;
; Enable parallel Assembler and Timing Analyzer during compilation                ; On                 ; On                 ;
; Enable compact report table                                                     ; Off                ; Off                ;
; Restructure Multiplexers                                                        ; Auto               ; Auto               ;
; MLAB Add Timing Constraints For Mixed-Port Feed-Through Mode Setting Don't Care ; Off                ; Off                ;
; Create Debugging Nodes for IP Cores                                             ; Off                ; Off                ;
; Preserve fewer node names                                                       ; On                 ; On                 ;
; Intel FPGA IP Evaluation Mode                                                   ; Enable             ; Enable             ;
; Verilog Version                                                                 ; Verilog_2001       ; Verilog_2001       ;
; VHDL Version                                                                    ; VHDL_1993          ; VHDL_1993          ;
; State Machine Processing                                                        ; Auto               ; Auto               ;
; Safe State Machine                                                              ; Off                ; Off                ;
; Extract Verilog State Machines                                                  ; On                 ; On                 ;
; Extract VHDL State Machines                                                     ; On                 ; On                 ;
; Ignore Verilog initial constructs                                               ; Off                ; Off                ;
; Iteration limit for constant Verilog loops                                      ; 5000               ; 5000               ;
; Iteration limit for non-constant Verilog loops                                  ; 250                ; 250                ;
; Add Pass-Through Logic to Inferred RAMs                                         ; On                 ; On                 ;
; Infer RAMs from Raw Logic                                                       ; On                 ; On                 ;
; Parallel Synthesis                                                              ; On                 ; On                 ;
; DSP Block Balancing                                                             ; Auto               ; Auto               ;
; NOT Gate Push-Back                                                              ; On                 ; On                 ;
; Power-Up Don't Care                                                             ; On                 ; On                 ;
; Remove Redundant Logic Cells                                                    ; Off                ; Off                ;
; Remove Duplicate Registers                                                      ; On                 ; On                 ;
; Ignore CARRY Buffers                                                            ; Off                ; Off                ;
; Ignore CASCADE Buffers                                                          ; Off                ; Off                ;
; Ignore GLOBAL Buffers                                                           ; Off                ; Off                ;
; Ignore ROW GLOBAL Buffers                                                       ; Off                ; Off                ;
; Ignore LCELL Buffers                                                            ; Off                ; Off                ;
; Ignore SOFT Buffers                                                             ; On                 ; On                 ;
; Limit AHDL Integers to 32 Bits                                                  ; Off                ; Off                ;
; Optimization Technique                                                          ; Balanced           ; Balanced           ;
; Carry Chain Length                                                              ; 70                 ; 70                 ;
; Auto Carry Chains                                                               ; On                 ; On                 ;
; Auto Open-Drain Pins                                                            ; On                 ; On                 ;
; Perform WYSIWYG Primitive Resynthesis                                           ; Off                ; Off                ;
; Auto ROM Replacement                                                            ; On                 ; On                 ;
; Auto RAM Replacement                                                            ; On                 ; On                 ;
; Auto DSP Block Replacement                                                      ; On                 ; On                 ;
; Auto Shift Register Replacement                                                 ; Auto               ; Auto               ;
; Allow Shift Register Merging across Hierarchies                                 ; Auto               ; Auto               ;
; Auto Clock Enable Replacement                                                   ; On                 ; On                 ;
; Strict RAM Replacement                                                          ; Off                ; Off                ;
; Allow Synchronous Control Signals                                               ; On                 ; On                 ;
; Force Use of Synchronous Clear Signals                                          ; Off                ; Off                ;
; Auto Resource Sharing                                                           ; Off                ; Off                ;
; Allow Any RAM Size For Recognition                                              ; Off                ; Off                ;
; Allow Any ROM Size For Recognition                                              ; Off                ; Off                ;
; Allow Any Shift Register Size For Recognition                                   ; Off                ; Off                ;
; Use LogicLock Constraints during Resource Balancing                             ; On                 ; On                 ;
; Ignore translate_off and synthesis_off directives                               ; Off                ; Off                ;
; Timing-Driven Synthesis                                                         ; On                 ; On                 ;
; Report Parameter Settings                                                       ; On                 ; On                 ;
; Report Source Assignments                                                       ; On                 ; On                 ;
; Report Connectivity Checks                                                      ; On                 ; On                 ;
; Ignore Maximum Fan-Out Assignments                                              ; Off                ; Off                ;
; Synchronization Register Chain Length                                           ; 3                  ; 3                  ;
; Power Optimization During Synthesis                                             ; Normal compilation ; Normal compilation ;
; HDL message level                                                               ; Level2             ; Level2             ;
; Suppress Register Optimization Related Messages                                 ; Off                ; Off                ;
; Number of Removed Registers Reported in Synthesis Report                        ; 5000               ; 5000               ;
; Number of Swept Nodes Reported in Synthesis Report                              ; 5000               ; 5000               ;
; Number of Inverted Registers Reported in Synthesis Report                       ; 100                ; 100                ;
; Clock MUX Protection                                                            ; On                 ; On                 ;
; Auto Gated Clock Conversion                                                     ; Off                ; Off                ;
; Block Design Naming                                                             ; Auto               ; Auto               ;
; SDC constraint protection                                                       ; Off                ; Off                ;
; Synthesis Effort                                                                ; Auto               ; Auto               ;
; Shift Register Replacement - Allow Asynchronous Clear Signal                    ; On                 ; On                 ;
; Pre-Mapping Resynthesis Optimization                                            ; Off                ; Off                ;
; Analysis & Synthesis Message Level                                              ; Medium             ; Medium             ;
; Disable Register Merging Across Hierarchies                                     ; Auto               ; Auto               ;
; Resource Aware Inference For Block RAM                                          ; On                 ; On                 ;
; Automatic Parallel Synthesis                                                    ; On                 ; On                 ;
; Partial Reconfiguration Bitstream ID                                            ; Off                ; Off                ;
+---------------------------------------------------------------------------------+--------------------+--------------------+


+------------------------------------------+
; Parallel Compilation                     ;
+----------------------------+-------------+
; Processors                 ; Number      ;
+----------------------------+-------------+
; Number detected on machine ; 8           ;
; Maximum allowed            ; 8           ;
;                            ;             ;
; Average used               ; 1.00        ;
; Maximum used               ; 8           ;
;                            ;             ;
; Usage by Processor         ; % Time Used ;
;     Processor 1            ; 100.0%      ;
;     Processors 2-8         ;   0.0%      ;
+----------------------------+-------------+


+-----------------------------------------------------------------------------------------------------------------------------------------------------------+
; Analysis & Synthesis Source Files Read                                                                                                                    ;
+----------------------------------+-----------------+------------------------+-------------------------------------------------------------------+---------+
; File Name with User-Entered Path ; Used in Netlist ; File Type              ; File Name with Absolute Path                                      ; Library ;
+----------------------------------+-----------------+------------------------+-------------------------------------------------------------------+---------+
; ex_7_1.v                         ; yes             ; User Verilog HDL File  ; C:/Users/czhe/Downloads/digital_design/ex_7_1_simple_mem/ex_7_1.v ;         ;
+----------------------------------+-----------------+------------------------+-------------------------------------------------------------------+---------+


+-------------------------------------------------------------+
; Analysis & Synthesis Resource Usage Summary                 ;
+---------------------------------------------+---------------+
; Resource                                    ; Usage         ;
+---------------------------------------------+---------------+
; Estimate of Logic utilization (ALMs needed) ; 253           ;
;                                             ;               ;
; Combinational ALUT usage for logic          ; 420           ;
;     -- 7 input functions                    ; 0             ;
;     -- 6 input functions                    ; 86            ;
;     -- 5 input functions                    ; 28            ;
;     -- 4 input functions                    ; 32            ;
;     -- <=3 input functions                  ; 274           ;
;                                             ;               ;
; Dedicated logic registers                   ; 0             ;
;                                             ;               ;
; I/O pins                                    ; 28            ;
;                                             ;               ;
; Total DSP Blocks                            ; 0             ;
;                                             ;               ;
; Maximum fan-out node                        ; addr[4]~input ;
; Maximum fan-out                             ; 79            ;
; Total fan-out                               ; 1647          ;
; Average fan-out                             ; 3.46          ;
+---------------------------------------------+---------------+


+----------------------------------------------------------------------------------------------------------------------------------------------------------------------------------------+
; Analysis & Synthesis Resource Utilization by Entity                                                                                                                                    ;
+----------------------------+---------------------+---------------------------+-------------------+------------+------+--------------+---------------------+-------------+--------------+
; Compilation Hierarchy Node ; Combinational ALUTs ; Dedicated Logic Registers ; Block Memory Bits ; DSP Blocks ; Pins ; Virtual Pins ; Full Hierarchy Name ; Entity Name ; Library Name ;
+----------------------------+---------------------+---------------------------+-------------------+------------+------+--------------+---------------------+-------------+--------------+
; |ex_7_1                    ; 420 (420)           ; 0 (0)                     ; 0                 ; 0          ; 28   ; 0            ; |ex_7_1             ; ex_7_1      ; work         ;
+----------------------------+---------------------+---------------------------+-------------------+------------+------+--------------+---------------------+-------------+--------------+
Note: For table entries with two numbers listed, the numbers in parentheses indicate the number of resources of the given type used by the specific entity alone. The numbers listed outside of parentheses indicate the total resources of the given type used by the specific entity and all of its sub-entities in the hierarchy.


+-----------------------------------------------------------------------------------------------------+
; User-Specified and Inferred Latches                                                                 ;
+------------------------------------------------------+---------------------+------------------------+
; Latch Name                                           ; Latch Enable Signal ; Free of Timing Hazards ;
+------------------------------------------------------+---------------------+------------------------+
; mem[0][0]                                            ; Decoder0            ; yes                    ;
; mem[0][1]                                            ; Decoder0            ; yes                    ;
; mem[0][2]                                            ; Decoder0            ; yes                    ;
; mem[0][3]                                            ; Decoder0            ; yes                    ;
; mem[7][0]                                            ; Decoder0            ; yes                    ;
; mem[7][1]                                            ; Decoder0            ; yes                    ;
; mem[7][2]                                            ; Decoder0            ; yes                    ;
; mem[7][3]                                            ; Decoder0            ; yes                    ;
; mem[48][0]                                           ; Decoder0            ; yes                    ;
; mem[48][1]                                           ; Decoder0            ; yes                    ;
; mem[48][2]                                           ; Decoder0            ; yes                    ;
; mem[48][3]                                           ; Decoder0            ; yes                    ;
; data_out[0]$latch                                    ; rd_wr               ; yes                    ;
; data_out[0]_3883                                     ; rd_wr               ; yes                    ;
; data_out[1]$latch                                    ; rd_wr               ; yes                    ;
; data_out[2]$latch                                    ; rd_wr               ; yes                    ;
; data_out[3]$latch                                    ; rd_wr               ; yes                    ;
; mem[1][0]                                            ; Decoder0            ; yes                    ;
; mem[2][0]                                            ; Decoder0            ; yes                    ;
; mem[3][0]                                            ; Decoder0            ; yes                    ;
; mem[4][0]                                            ; Decoder0            ; yes                    ;
; mem[5][0]                                            ; Decoder0            ; yes                    ;
; mem[6][0]                                            ; Decoder0            ; yes                    ;
; mem[8][0]                                            ; Decoder0            ; yes                    ;
; mem[9][0]                                            ; Decoder0            ; yes                    ;
; mem[10][0]                                           ; Decoder0            ; yes                    ;
; mem[11][0]                                           ; Decoder0            ; yes                    ;
; mem[12][0]                                           ; Decoder0            ; yes                    ;
; mem[13][0]                                           ; Decoder0            ; yes                    ;
; mem[14][0]                                           ; Decoder0            ; yes                    ;
; mem[15][0]                                           ; Decoder0            ; yes                    ;
; mem[16][0]                                           ; Decoder0            ; yes                    ;
; mem[20][0]                                           ; Decoder0            ; yes                    ;
; mem[24][0]                                           ; Decoder0            ; yes                    ;
; mem[28][0]                                           ; Decoder0            ; yes                    ;
; mem[17][0]                                           ; Decoder0            ; yes                    ;
; mem[21][0]                                           ; Decoder0            ; yes                    ;
; mem[25][0]                                           ; Decoder0            ; yes                    ;
; mem[29][0]                                           ; Decoder0            ; yes                    ;
; mem[18][0]                                           ; Decoder0            ; yes                    ;
; mem[22][0]                                           ; Decoder0            ; yes                    ;
; mem[26][0]                                           ; Decoder0            ; yes                    ;
; mem[30][0]                                           ; Decoder0            ; yes                    ;
; mem[19][0]                                           ; Decoder0            ; yes                    ;
; mem[23][0]                                           ; Decoder0            ; yes                    ;
; mem[27][0]                                           ; Decoder0            ; yes                    ;
; mem[31][0]                                           ; Decoder0            ; yes                    ;
; mem[32][0]                                           ; Decoder0            ; yes                    ;
; mem[33][0]                                           ; Decoder0            ; yes                    ;
; mem[34][0]                                           ; Decoder0            ; yes                    ;
; mem[35][0]                                           ; Decoder0            ; yes                    ;
; mem[36][0]                                           ; Decoder0            ; yes                    ;
; mem[37][0]                                           ; Decoder0            ; yes                    ;
; mem[38][0]                                           ; Decoder0            ; yes                    ;
; mem[39][0]                                           ; Decoder0            ; yes                    ;
; mem[40][0]                                           ; Decoder0            ; yes                    ;
; mem[41][0]                                           ; Decoder0            ; yes                    ;
; mem[42][0]                                           ; Decoder0            ; yes                    ;
; mem[43][0]                                           ; Decoder0            ; yes                    ;
; mem[44][0]                                           ; Decoder0            ; yes                    ;
; mem[45][0]                                           ; Decoder0            ; yes                    ;
; mem[46][0]                                           ; Decoder0            ; yes                    ;
; mem[47][0]                                           ; Decoder0            ; yes                    ;
; mem[52][0]                                           ; Decoder0            ; yes                    ;
; mem[56][0]                                           ; Decoder0            ; yes                    ;
; mem[60][0]                                           ; Decoder0            ; yes                    ;
; mem[49][0]                                           ; Decoder0            ; yes                    ;
; mem[53][0]                                           ; Decoder0            ; yes                    ;
; mem[57][0]                                           ; Decoder0            ; yes                    ;
; mem[61][0]                                           ; Decoder0            ; yes                    ;
; mem[50][0]                                           ; Decoder0            ; yes                    ;
; mem[54][0]                                           ; Decoder0            ; yes                    ;
; mem[58][0]                                           ; Decoder0            ; yes                    ;
; mem[62][0]                                           ; Decoder0            ; yes                    ;
; mem[51][0]                                           ; Decoder0            ; yes                    ;
; mem[55][0]                                           ; Decoder0            ; yes                    ;
; mem[59][0]                                           ; Decoder0            ; yes                    ;
; mem[63][0]                                           ; Decoder0            ; yes                    ;
; mem[16][1]                                           ; Decoder0            ; yes                    ;
; mem[32][1]                                           ; Decoder0            ; yes                    ;
; mem[4][1]                                            ; Decoder0            ; yes                    ;
; mem[20][1]                                           ; Decoder0            ; yes                    ;
; mem[36][1]                                           ; Decoder0            ; yes                    ;
; mem[52][1]                                           ; Decoder0            ; yes                    ;
; mem[8][1]                                            ; Decoder0            ; yes                    ;
; mem[24][1]                                           ; Decoder0            ; yes                    ;
; mem[40][1]                                           ; Decoder0            ; yes                    ;
; mem[56][1]                                           ; Decoder0            ; yes                    ;
; mem[12][1]                                           ; Decoder0            ; yes                    ;
; mem[28][1]                                           ; Decoder0            ; yes                    ;
; mem[44][1]                                           ; Decoder0            ; yes                    ;
; mem[60][1]                                           ; Decoder0            ; yes                    ;
; mem[1][1]                                            ; Decoder0            ; yes                    ;
; mem[17][1]                                           ; Decoder0            ; yes                    ;
; mem[33][1]                                           ; Decoder0            ; yes                    ;
; mem[49][1]                                           ; Decoder0            ; yes                    ;
; mem[5][1]                                            ; Decoder0            ; yes                    ;
; mem[21][1]                                           ; Decoder0            ; yes                    ;
; mem[37][1]                                           ; Decoder0            ; yes                    ;
; mem[53][1]                                           ; Decoder0            ; yes                    ;
; Number of user-specified and inferred latches = 261  ;                     ;                        ;
+------------------------------------------------------+---------------------+------------------------+
Table restricted to first 100 entries. Note: All latches listed above may not be present at the end of synthesis due to various synthesis optimizations.


+------------------------------------------------------+
; General Register Statistics                          ;
+----------------------------------------------+-------+
; Statistic                                    ; Value ;
+----------------------------------------------+-------+
; Total registers                              ; 0     ;
; Number of registers using Synchronous Clear  ; 0     ;
; Number of registers using Synchronous Load   ; 0     ;
; Number of registers using Asynchronous Clear ; 0     ;
; Number of registers using Asynchronous Load  ; 0     ;
; Number of registers using Clock Enable       ; 0     ;
; Number of registers using Preset             ; 0     ;
+----------------------------------------------+-------+


+------------------------------------------------------------------------------------------------------------------------------------------+
; Multiplexer Restructuring Statistics (Restructuring Performed)                                                                           ;
+--------------------+-----------+---------------+----------------------+------------------------+------------+----------------------------+
; Multiplexer Inputs ; Bus Width ; Baseline Area ; Area if Restructured ; Saving if Restructured ; Registered ; Example Multiplexer Output ;
+--------------------+-----------+---------------+----------------------+------------------------+------------+----------------------------+
; 64:1               ; 4 bits    ; 168 LEs       ; 168 LEs              ; 0 LEs                  ; No         ; |ex_7_1|Mux3               ;
+--------------------+-----------+---------------+----------------------+------------------------+------------+----------------------------+


+-----------------------------------------------------+
; Post-Synthesis Netlist Statistics for Top Partition ;
+-----------------------+-----------------------------+
; Type                  ; Count                       ;
+-----------------------+-----------------------------+
; arriav_io_obuf        ; 4                           ;
; arriav_lcell_comb     ; 420                         ;
;     normal            ; 420                         ;
;         2 data inputs ; 7                           ;
;         3 data inputs ; 267                         ;
;         4 data inputs ; 32                          ;
;         5 data inputs ; 28                          ;
;         6 data inputs ; 86                          ;
; boundary_port         ; 28                          ;
;                       ;                             ;
; Max LUT depth         ; 4.00                        ;
; Average LUT depth     ; 3.46                        ;
+-----------------------+-----------------------------+


+-------------------------------+
; Elapsed Time Per Partition    ;
+----------------+--------------+
; Partition Name ; Elapsed Time ;
+----------------+--------------+
; Top            ; 00:00:01     ;
+----------------+--------------+


+-------------------------------+
; Analysis & Synthesis Messages ;
+-------------------------------+
Info: *******************************************************************
Info: Running Quartus Prime Analysis & Synthesis
    Info: Version 18.1.0 Build 625 09/12/2018 SJ Lite Edition
    Info: Processing started: Thu Nov 14 10:50:13 2019
Info: Command: quartus_map --read_settings_files=on --write_settings_files=off ex_7_1 -c ex_7_1
Warning (18236): Number of processors has not been specified which may cause overloading on shared machines.  Set the global assignment NUM_PARALLEL_PROCESSORS in your QSF to an appropriate value for best performance.
Info (20030): Parallel compilation is enabled and will use 8 of the 8 processors detected
Info (12021): Found 1 design units, including 1 entities, in source file ex_7_1.v
    Info (12023): Found entity 1: ex_7_1 File: C:/Users/czhe/Downloads/digital_design/ex_7_1_simple_mem/ex_7_1.v Line: 1
Info (12127): Elaborating entity "ex_7_1" for the top level hierarchy
Warning (10240): Verilog HDL Always Construct warning at ex_7_1.v(16): inferring latch(es) for variable "data_out", which holds its previous value in one or more paths through the always construct File: C:/Users/czhe/Downloads/digital_design/ex_7_1_simple_mem/ex_7_1.v Line: 16
Info (10041): Inferred latch for "mem[63][0]" at ex_7_1.v(22) File: C:/Users/czhe/Downloads/digital_design/ex_7_1_simple_mem/ex_7_1.v Line: 22
Info (10041): Inferred latch for "mem[63][1]" at ex_7_1.v(22) File: C:/Users/czhe/Downloads/digital_design/ex_7_1_simple_mem/ex_7_1.v Line: 22
Info (10041): Inferred latch for "mem[63][2]" at ex_7_1.v(22) File: C:/Users/czhe/Downloads/digital_design/ex_7_1_simple_mem/ex_7_1.v Line: 22
Info (10041): Inferred latch for "mem[63][3]" at ex_7_1.v(22) File: C:/Users/czhe/Downloads/digital_design/ex_7_1_simple_mem/ex_7_1.v Line: 22
Info (10041): Inferred latch for "mem[62][0]" at ex_7_1.v(22) File: C:/Users/czhe/Downloads/digital_design/ex_7_1_simple_mem/ex_7_1.v Line: 22
Info (10041): Inferred latch for "mem[62][1]" at ex_7_1.v(22) File: C:/Users/czhe/Downloads/digital_design/ex_7_1_simple_mem/ex_7_1.v Line: 22
Info (10041): Inferred latch for "mem[62][2]" at ex_7_1.v(22) File: C:/Users/czhe/Downloads/digital_design/ex_7_1_simple_mem/ex_7_1.v Line: 22
Info (10041): Inferred latch for "mem[62][3]" at ex_7_1.v(22) File: C:/Users/czhe/Downloads/digital_design/ex_7_1_simple_mem/ex_7_1.v Line: 22
Info (10041): Inferred latch for "mem[61][0]" at ex_7_1.v(22) File: C:/Users/czhe/Downloads/digital_design/ex_7_1_simple_mem/ex_7_1.v Line: 22
Info (10041): Inferred latch for "mem[61][1]" at ex_7_1.v(22) File: C:/Users/czhe/Downloads/digital_design/ex_7_1_simple_mem/ex_7_1.v Line: 22
Info (10041): Inferred latch for "mem[61][2]" at ex_7_1.v(22) File: C:/Users/czhe/Downloads/digital_design/ex_7_1_simple_mem/ex_7_1.v Line: 22
Info (10041): Inferred latch for "mem[61][3]" at ex_7_1.v(22) File: C:/Users/czhe/Downloads/digital_design/ex_7_1_simple_mem/ex_7_1.v Line: 22
Info (10041): Inferred latch for "mem[60][0]" at ex_7_1.v(22) File: C:/Users/czhe/Downloads/digital_design/ex_7_1_simple_mem/ex_7_1.v Line: 22
Info (10041): Inferred latch for "mem[60][1]" at ex_7_1.v(22) File: C:/Users/czhe/Downloads/digital_design/ex_7_1_simple_mem/ex_7_1.v Line: 22
Info (10041): Inferred latch for "mem[60][2]" at ex_7_1.v(22) File: C:/Users/czhe/Downloads/digital_design/ex_7_1_simple_mem/ex_7_1.v Line: 22
Info (10041): Inferred latch for "mem[60][3]" at ex_7_1.v(22) File: C:/Users/czhe/Downloads/digital_design/ex_7_1_simple_mem/ex_7_1.v Line: 22
Info (10041): Inferred latch for "mem[59][0]" at ex_7_1.v(22) File: C:/Users/czhe/Downloads/digital_design/ex_7_1_simple_mem/ex_7_1.v Line: 22
Info (10041): Inferred latch for "mem[59][1]" at ex_7_1.v(22) File: C:/Users/czhe/Downloads/digital_design/ex_7_1_simple_mem/ex_7_1.v Line: 22
Info (10041): Inferred latch for "mem[59][2]" at ex_7_1.v(22) File: C:/Users/czhe/Downloads/digital_design/ex_7_1_simple_mem/ex_7_1.v Line: 22
Info (10041): Inferred latch for "mem[59][3]" at ex_7_1.v(22) File: C:/Users/czhe/Downloads/digital_design/ex_7_1_simple_mem/ex_7_1.v Line: 22
Info (10041): Inferred latch for "mem[58][0]" at ex_7_1.v(22) File: C:/Users/czhe/Downloads/digital_design/ex_7_1_simple_mem/ex_7_1.v Line: 22
Info (10041): Inferred latch for "mem[58][1]" at ex_7_1.v(22) File: C:/Users/czhe/Downloads/digital_design/ex_7_1_simple_mem/ex_7_1.v Line: 22
Info (10041): Inferred latch for "mem[58][2]" at ex_7_1.v(22) File: C:/Users/czhe/Downloads/digital_design/ex_7_1_simple_mem/ex_7_1.v Line: 22
Info (10041): Inferred latch for "mem[58][3]" at ex_7_1.v(22) File: C:/Users/czhe/Downloads/digital_design/ex_7_1_simple_mem/ex_7_1.v Line: 22
Info (10041): Inferred latch for "mem[57][0]" at ex_7_1.v(22) File: C:/Users/czhe/Downloads/digital_design/ex_7_1_simple_mem/ex_7_1.v Line: 22
Info (10041): Inferred latch for "mem[57][1]" at ex_7_1.v(22) File: C:/Users/czhe/Downloads/digital_design/ex_7_1_simple_mem/ex_7_1.v Line: 22
Info (10041): Inferred latch for "mem[57][2]" at ex_7_1.v(22) File: C:/Users/czhe/Downloads/digital_design/ex_7_1_simple_mem/ex_7_1.v Line: 22
Info (10041): Inferred latch for "mem[57][3]" at ex_7_1.v(22) File: C:/Users/czhe/Downloads/digital_design/ex_7_1_simple_mem/ex_7_1.v Line: 22
Info (10041): Inferred latch for "mem[56][0]" at ex_7_1.v(22) File: C:/Users/czhe/Downloads/digital_design/ex_7_1_simple_mem/ex_7_1.v Line: 22
Info (10041): Inferred latch for "mem[56][1]" at ex_7_1.v(22) File: C:/Users/czhe/Downloads/digital_design/ex_7_1_simple_mem/ex_7_1.v Line: 22
Info (10041): Inferred latch for "mem[56][2]" at ex_7_1.v(22) File: C:/Users/czhe/Downloads/digital_design/ex_7_1_simple_mem/ex_7_1.v Line: 22
Info (10041): Inferred latch for "mem[56][3]" at ex_7_1.v(22) File: C:/Users/czhe/Downloads/digital_design/ex_7_1_simple_mem/ex_7_1.v Line: 22
Info (10041): Inferred latch for "mem[55][0]" at ex_7_1.v(22) File: C:/Users/czhe/Downloads/digital_design/ex_7_1_simple_mem/ex_7_1.v Line: 22
Info (10041): Inferred latch for "mem[55][1]" at ex_7_1.v(22) File: C:/Users/czhe/Downloads/digital_design/ex_7_1_simple_mem/ex_7_1.v Line: 22
Info (10041): Inferred latch for "mem[55][2]" at ex_7_1.v(22) File: C:/Users/czhe/Downloads/digital_design/ex_7_1_simple_mem/ex_7_1.v Line: 22
Info (10041): Inferred latch for "mem[55][3]" at ex_7_1.v(22) File: C:/Users/czhe/Downloads/digital_design/ex_7_1_simple_mem/ex_7_1.v Line: 22
Info (10041): Inferred latch for "mem[54][0]" at ex_7_1.v(22) File: C:/Users/czhe/Downloads/digital_design/ex_7_1_simple_mem/ex_7_1.v Line: 22
Info (10041): Inferred latch for "mem[54][1]" at ex_7_1.v(22) File: C:/Users/czhe/Downloads/digital_design/ex_7_1_simple_mem/ex_7_1.v Line: 22
Info (10041): Inferred latch for "mem[54][2]" at ex_7_1.v(22) File: C:/Users/czhe/Downloads/digital_design/ex_7_1_simple_mem/ex_7_1.v Line: 22
Info (10041): Inferred latch for "mem[54][3]" at ex_7_1.v(22) File: C:/Users/czhe/Downloads/digital_design/ex_7_1_simple_mem/ex_7_1.v Line: 22
Info (10041): Inferred latch for "mem[53][0]" at ex_7_1.v(22) File: C:/Users/czhe/Downloads/digital_design/ex_7_1_simple_mem/ex_7_1.v Line: 22
Info (10041): Inferred latch for "mem[53][1]" at ex_7_1.v(22) File: C:/Users/czhe/Downloads/digital_design/ex_7_1_simple_mem/ex_7_1.v Line: 22
Info (10041): Inferred latch for "mem[53][2]" at ex_7_1.v(22) File: C:/Users/czhe/Downloads/digital_design/ex_7_1_simple_mem/ex_7_1.v Line: 22
Info (10041): Inferred latch for "mem[53][3]" at ex_7_1.v(22) File: C:/Users/czhe/Downloads/digital_design/ex_7_1_simple_mem/ex_7_1.v Line: 22
Info (10041): Inferred latch for "mem[52][0]" at ex_7_1.v(22) File: C:/Users/czhe/Downloads/digital_design/ex_7_1_simple_mem/ex_7_1.v Line: 22
Info (10041): Inferred latch for "mem[52][1]" at ex_7_1.v(22) File: C:/Users/czhe/Downloads/digital_design/ex_7_1_simple_mem/ex_7_1.v Line: 22
Info (10041): Inferred latch for "mem[52][2]" at ex_7_1.v(22) File: C:/Users/czhe/Downloads/digital_design/ex_7_1_simple_mem/ex_7_1.v Line: 22
Info (10041): Inferred latch for "mem[52][3]" at ex_7_1.v(22) File: C:/Users/czhe/Downloads/digital_design/ex_7_1_simple_mem/ex_7_1.v Line: 22
Info (10041): Inferred latch for "mem[51][0]" at ex_7_1.v(22) File: C:/Users/czhe/Downloads/digital_design/ex_7_1_simple_mem/ex_7_1.v Line: 22
Info (10041): Inferred latch for "mem[51][1]" at ex_7_1.v(22) File: C:/Users/czhe/Downloads/digital_design/ex_7_1_simple_mem/ex_7_1.v Line: 22
Info (10041): Inferred latch for "mem[51][2]" at ex_7_1.v(22) File: C:/Users/czhe/Downloads/digital_design/ex_7_1_simple_mem/ex_7_1.v Line: 22
Info (10041): Inferred latch for "mem[51][3]" at ex_7_1.v(22) File: C:/Users/czhe/Downloads/digital_design/ex_7_1_simple_mem/ex_7_1.v Line: 22
Info (10041): Inferred latch for "mem[50][0]" at ex_7_1.v(22) File: C:/Users/czhe/Downloads/digital_design/ex_7_1_simple_mem/ex_7_1.v Line: 22
Info (10041): Inferred latch for "mem[50][1]" at ex_7_1.v(22) File: C:/Users/czhe/Downloads/digital_design/ex_7_1_simple_mem/ex_7_1.v Line: 22
Info (10041): Inferred latch for "mem[50][2]" at ex_7_1.v(22) File: C:/Users/czhe/Downloads/digital_design/ex_7_1_simple_mem/ex_7_1.v Line: 22
Info (10041): Inferred latch for "mem[50][3]" at ex_7_1.v(22) File: C:/Users/czhe/Downloads/digital_design/ex_7_1_simple_mem/ex_7_1.v Line: 22
Info (10041): Inferred latch for "mem[49][0]" at ex_7_1.v(22) File: C:/Users/czhe/Downloads/digital_design/ex_7_1_simple_mem/ex_7_1.v Line: 22
Info (10041): Inferred latch for "mem[49][1]" at ex_7_1.v(22) File: C:/Users/czhe/Downloads/digital_design/ex_7_1_simple_mem/ex_7_1.v Line: 22
Info (10041): Inferred latch for "mem[49][2]" at ex_7_1.v(22) File: C:/Users/czhe/Downloads/digital_design/ex_7_1_simple_mem/ex_7_1.v Line: 22
Info (10041): Inferred latch for "mem[49][3]" at ex_7_1.v(22) File: C:/Users/czhe/Downloads/digital_design/ex_7_1_simple_mem/ex_7_1.v Line: 22
Info (10041): Inferred latch for "mem[48][0]" at ex_7_1.v(22) File: C:/Users/czhe/Downloads/digital_design/ex_7_1_simple_mem/ex_7_1.v Line: 22
Info (10041): Inferred latch for "mem[48][1]" at ex_7_1.v(22) File: C:/Users/czhe/Downloads/digital_design/ex_7_1_simple_mem/ex_7_1.v Line: 22
Info (10041): Inferred latch for "mem[48][2]" at ex_7_1.v(22) File: C:/Users/czhe/Downloads/digital_design/ex_7_1_simple_mem/ex_7_1.v Line: 22
Info (10041): Inferred latch for "mem[48][3]" at ex_7_1.v(22) File: C:/Users/czhe/Downloads/digital_design/ex_7_1_simple_mem/ex_7_1.v Line: 22
Info (10041): Inferred latch for "mem[47][0]" at ex_7_1.v(22) File: C:/Users/czhe/Downloads/digital_design/ex_7_1_simple_mem/ex_7_1.v Line: 22
Info (10041): Inferred latch for "mem[47][1]" at ex_7_1.v(22) File: C:/Users/czhe/Downloads/digital_design/ex_7_1_simple_mem/ex_7_1.v Line: 22
Info (10041): Inferred latch for "mem[47][2]" at ex_7_1.v(22) File: C:/Users/czhe/Downloads/digital_design/ex_7_1_simple_mem/ex_7_1.v Line: 22
Info (10041): Inferred latch for "mem[47][3]" at ex_7_1.v(22) File: C:/Users/czhe/Downloads/digital_design/ex_7_1_simple_mem/ex_7_1.v Line: 22
Info (10041): Inferred latch for "mem[46][0]" at ex_7_1.v(22) File: C:/Users/czhe/Downloads/digital_design/ex_7_1_simple_mem/ex_7_1.v Line: 22
Info (10041): Inferred latch for "mem[46][1]" at ex_7_1.v(22) File: C:/Users/czhe/Downloads/digital_design/ex_7_1_simple_mem/ex_7_1.v Line: 22
Info (10041): Inferred latch for "mem[46][2]" at ex_7_1.v(22) File: C:/Users/czhe/Downloads/digital_design/ex_7_1_simple_mem/ex_7_1.v Line: 22
Info (10041): Inferred latch for "mem[46][3]" at ex_7_1.v(22) File: C:/Users/czhe/Downloads/digital_design/ex_7_1_simple_mem/ex_7_1.v Line: 22
Info (10041): Inferred latch for "mem[45][0]" at ex_7_1.v(22) File: C:/Users/czhe/Downloads/digital_design/ex_7_1_simple_mem/ex_7_1.v Line: 22
Info (10041): Inferred latch for "mem[45][1]" at ex_7_1.v(22) File: C:/Users/czhe/Downloads/digital_design/ex_7_1_simple_mem/ex_7_1.v Line: 22
Info (10041): Inferred latch for "mem[45][2]" at ex_7_1.v(22) File: C:/Users/czhe/Downloads/digital_design/ex_7_1_simple_mem/ex_7_1.v Line: 22
Info (10041): Inferred latch for "mem[45][3]" at ex_7_1.v(22) File: C:/Users/czhe/Downloads/digital_design/ex_7_1_simple_mem/ex_7_1.v Line: 22
Info (10041): Inferred latch for "mem[44][0]" at ex_7_1.v(22) File: C:/Users/czhe/Downloads/digital_design/ex_7_1_simple_mem/ex_7_1.v Line: 22
Info (10041): Inferred latch for "mem[44][1]" at ex_7_1.v(22) File: C:/Users/czhe/Downloads/digital_design/ex_7_1_simple_mem/ex_7_1.v Line: 22
Info (10041): Inferred latch for "mem[44][2]" at ex_7_1.v(22) File: C:/Users/czhe/Downloads/digital_design/ex_7_1_simple_mem/ex_7_1.v Line: 22
Info (10041): Inferred latch for "mem[44][3]" at ex_7_1.v(22) File: C:/Users/czhe/Downloads/digital_design/ex_7_1_simple_mem/ex_7_1.v Line: 22
Info (10041): Inferred latch for "mem[43][0]" at ex_7_1.v(22) File: C:/Users/czhe/Downloads/digital_design/ex_7_1_simple_mem/ex_7_1.v Line: 22
Info (10041): Inferred latch for "mem[43][1]" at ex_7_1.v(22) File: C:/Users/czhe/Downloads/digital_design/ex_7_1_simple_mem/ex_7_1.v Line: 22
Info (10041): Inferred latch for "mem[43][2]" at ex_7_1.v(22) File: C:/Users/czhe/Downloads/digital_design/ex_7_1_simple_mem/ex_7_1.v Line: 22
Info (10041): Inferred latch for "mem[43][3]" at ex_7_1.v(22) File: C:/Users/czhe/Downloads/digital_design/ex_7_1_simple_mem/ex_7_1.v Line: 22
Info (10041): Inferred latch for "mem[42][0]" at ex_7_1.v(22) File: C:/Users/czhe/Downloads/digital_design/ex_7_1_simple_mem/ex_7_1.v Line: 22
Info (10041): Inferred latch for "mem[42][1]" at ex_7_1.v(22) File: C:/Users/czhe/Downloads/digital_design/ex_7_1_simple_mem/ex_7_1.v Line: 22
Info (10041): Inferred latch for "mem[42][2]" at ex_7_1.v(22) File: C:/Users/czhe/Downloads/digital_design/ex_7_1_simple_mem/ex_7_1.v Line: 22
Info (10041): Inferred latch for "mem[42][3]" at ex_7_1.v(22) File: C:/Users/czhe/Downloads/digital_design/ex_7_1_simple_mem/ex_7_1.v Line: 22
Info (10041): Inferred latch for "mem[41][0]" at ex_7_1.v(22) File: C:/Users/czhe/Downloads/digital_design/ex_7_1_simple_mem/ex_7_1.v Line: 22
Info (10041): Inferred latch for "mem[41][1]" at ex_7_1.v(22) File: C:/Users/czhe/Downloads/digital_design/ex_7_1_simple_mem/ex_7_1.v Line: 22
Info (10041): Inferred latch for "mem[41][2]" at ex_7_1.v(22) File: C:/Users/czhe/Downloads/digital_design/ex_7_1_simple_mem/ex_7_1.v Line: 22
Info (10041): Inferred latch for "mem[41][3]" at ex_7_1.v(22) File: C:/Users/czhe/Downloads/digital_design/ex_7_1_simple_mem/ex_7_1.v Line: 22
Info (10041): Inferred latch for "mem[40][0]" at ex_7_1.v(22) File: C:/Users/czhe/Downloads/digital_design/ex_7_1_simple_mem/ex_7_1.v Line: 22
Info (10041): Inferred latch for "mem[40][1]" at ex_7_1.v(22) File: C:/Users/czhe/Downloads/digital_design/ex_7_1_simple_mem/ex_7_1.v Line: 22
Info (10041): Inferred latch for "mem[40][2]" at ex_7_1.v(22) File: C:/Users/czhe/Downloads/digital_design/ex_7_1_simple_mem/ex_7_1.v Line: 22
Info (10041): Inferred latch for "mem[40][3]" at ex_7_1.v(22) File: C:/Users/czhe/Downloads/digital_design/ex_7_1_simple_mem/ex_7_1.v Line: 22
Info (10041): Inferred latch for "mem[39][0]" at ex_7_1.v(22) File: C:/Users/czhe/Downloads/digital_design/ex_7_1_simple_mem/ex_7_1.v Line: 22
Info (10041): Inferred latch for "mem[39][1]" at ex_7_1.v(22) File: C:/Users/czhe/Downloads/digital_design/ex_7_1_simple_mem/ex_7_1.v Line: 22
Info (10041): Inferred latch for "mem[39][2]" at ex_7_1.v(22) File: C:/Users/czhe/Downloads/digital_design/ex_7_1_simple_mem/ex_7_1.v Line: 22
Info (10041): Inferred latch for "mem[39][3]" at ex_7_1.v(22) File: C:/Users/czhe/Downloads/digital_design/ex_7_1_simple_mem/ex_7_1.v Line: 22
Info (10041): Inferred latch for "mem[38][0]" at ex_7_1.v(22) File: C:/Users/czhe/Downloads/digital_design/ex_7_1_simple_mem/ex_7_1.v Line: 22
Info (10041): Inferred latch for "mem[38][1]" at ex_7_1.v(22) File: C:/Users/czhe/Downloads/digital_design/ex_7_1_simple_mem/ex_7_1.v Line: 22
Info (10041): Inferred latch for "mem[38][2]" at ex_7_1.v(22) File: C:/Users/czhe/Downloads/digital_design/ex_7_1_simple_mem/ex_7_1.v Line: 22
Info (10041): Inferred latch for "mem[38][3]" at ex_7_1.v(22) File: C:/Users/czhe/Downloads/digital_design/ex_7_1_simple_mem/ex_7_1.v Line: 22
Info (10041): Inferred latch for "mem[37][0]" at ex_7_1.v(22) File: C:/Users/czhe/Downloads/digital_design/ex_7_1_simple_mem/ex_7_1.v Line: 22
Info (10041): Inferred latch for "mem[37][1]" at ex_7_1.v(22) File: C:/Users/czhe/Downloads/digital_design/ex_7_1_simple_mem/ex_7_1.v Line: 22
Info (10041): Inferred latch for "mem[37][2]" at ex_7_1.v(22) File: C:/Users/czhe/Downloads/digital_design/ex_7_1_simple_mem/ex_7_1.v Line: 22
Info (10041): Inferred latch for "mem[37][3]" at ex_7_1.v(22) File: C:/Users/czhe/Downloads/digital_design/ex_7_1_simple_mem/ex_7_1.v Line: 22
Info (10041): Inferred latch for "mem[36][0]" at ex_7_1.v(22) File: C:/Users/czhe/Downloads/digital_design/ex_7_1_simple_mem/ex_7_1.v Line: 22
Info (10041): Inferred latch for "mem[36][1]" at ex_7_1.v(22) File: C:/Users/czhe/Downloads/digital_design/ex_7_1_simple_mem/ex_7_1.v Line: 22
Info (10041): Inferred latch for "mem[36][2]" at ex_7_1.v(22) File: C:/Users/czhe/Downloads/digital_design/ex_7_1_simple_mem/ex_7_1.v Line: 22
Info (10041): Inferred latch for "mem[36][3]" at ex_7_1.v(22) File: C:/Users/czhe/Downloads/digital_design/ex_7_1_simple_mem/ex_7_1.v Line: 22
Info (10041): Inferred latch for "mem[35][0]" at ex_7_1.v(22) File: C:/Users/czhe/Downloads/digital_design/ex_7_1_simple_mem/ex_7_1.v Line: 22
Info (10041): Inferred latch for "mem[35][1]" at ex_7_1.v(22) File: C:/Users/czhe/Downloads/digital_design/ex_7_1_simple_mem/ex_7_1.v Line: 22
Info (10041): Inferred latch for "mem[35][2]" at ex_7_1.v(22) File: C:/Users/czhe/Downloads/digital_design/ex_7_1_simple_mem/ex_7_1.v Line: 22
Info (10041): Inferred latch for "mem[35][3]" at ex_7_1.v(22) File: C:/Users/czhe/Downloads/digital_design/ex_7_1_simple_mem/ex_7_1.v Line: 22
Info (10041): Inferred latch for "mem[34][0]" at ex_7_1.v(22) File: C:/Users/czhe/Downloads/digital_design/ex_7_1_simple_mem/ex_7_1.v Line: 22
Info (10041): Inferred latch for "mem[34][1]" at ex_7_1.v(22) File: C:/Users/czhe/Downloads/digital_design/ex_7_1_simple_mem/ex_7_1.v Line: 22
Info (10041): Inferred latch for "mem[34][2]" at ex_7_1.v(22) File: C:/Users/czhe/Downloads/digital_design/ex_7_1_simple_mem/ex_7_1.v Line: 22
Info (10041): Inferred latch for "mem[34][3]" at ex_7_1.v(22) File: C:/Users/czhe/Downloads/digital_design/ex_7_1_simple_mem/ex_7_1.v Line: 22
Info (10041): Inferred latch for "mem[33][0]" at ex_7_1.v(22) File: C:/Users/czhe/Downloads/digital_design/ex_7_1_simple_mem/ex_7_1.v Line: 22
Info (10041): Inferred latch for "mem[33][1]" at ex_7_1.v(22) File: C:/Users/czhe/Downloads/digital_design/ex_7_1_simple_mem/ex_7_1.v Line: 22
Info (10041): Inferred latch for "mem[33][2]" at ex_7_1.v(22) File: C:/Users/czhe/Downloads/digital_design/ex_7_1_simple_mem/ex_7_1.v Line: 22
Info (10041): Inferred latch for "mem[33][3]" at ex_7_1.v(22) File: C:/Users/czhe/Downloads/digital_design/ex_7_1_simple_mem/ex_7_1.v Line: 22
Info (10041): Inferred latch for "mem[32][0]" at ex_7_1.v(22) File: C:/Users/czhe/Downloads/digital_design/ex_7_1_simple_mem/ex_7_1.v Line: 22
Info (10041): Inferred latch for "mem[32][1]" at ex_7_1.v(22) File: C:/Users/czhe/Downloads/digital_design/ex_7_1_simple_mem/ex_7_1.v Line: 22
Info (10041): Inferred latch for "mem[32][2]" at ex_7_1.v(22) File: C:/Users/czhe/Downloads/digital_design/ex_7_1_simple_mem/ex_7_1.v Line: 22
Info (10041): Inferred latch for "mem[32][3]" at ex_7_1.v(22) File: C:/Users/czhe/Downloads/digital_design/ex_7_1_simple_mem/ex_7_1.v Line: 22
Info (10041): Inferred latch for "mem[31][0]" at ex_7_1.v(22) File: C:/Users/czhe/Downloads/digital_design/ex_7_1_simple_mem/ex_7_1.v Line: 22
Info (10041): Inferred latch for "mem[31][1]" at ex_7_1.v(22) File: C:/Users/czhe/Downloads/digital_design/ex_7_1_simple_mem/ex_7_1.v Line: 22
Info (10041): Inferred latch for "mem[31][2]" at ex_7_1.v(22) File: C:/Users/czhe/Downloads/digital_design/ex_7_1_simple_mem/ex_7_1.v Line: 22
Info (10041): Inferred latch for "mem[31][3]" at ex_7_1.v(22) File: C:/Users/czhe/Downloads/digital_design/ex_7_1_simple_mem/ex_7_1.v Line: 22
Info (10041): Inferred latch for "mem[30][0]" at ex_7_1.v(22) File: C:/Users/czhe/Downloads/digital_design/ex_7_1_simple_mem/ex_7_1.v Line: 22
Info (10041): Inferred latch for "mem[30][1]" at ex_7_1.v(22) File: C:/Users/czhe/Downloads/digital_design/ex_7_1_simple_mem/ex_7_1.v Line: 22
Info (10041): Inferred latch for "mem[30][2]" at ex_7_1.v(22) File: C:/Users/czhe/Downloads/digital_design/ex_7_1_simple_mem/ex_7_1.v Line: 22
Info (10041): Inferred latch for "mem[30][3]" at ex_7_1.v(22) File: C:/Users/czhe/Downloads/digital_design/ex_7_1_simple_mem/ex_7_1.v Line: 22
Info (10041): Inferred latch for "mem[29][0]" at ex_7_1.v(22) File: C:/Users/czhe/Downloads/digital_design/ex_7_1_simple_mem/ex_7_1.v Line: 22
Info (10041): Inferred latch for "mem[29][1]" at ex_7_1.v(22) File: C:/Users/czhe/Downloads/digital_design/ex_7_1_simple_mem/ex_7_1.v Line: 22
Info (10041): Inferred latch for "mem[29][2]" at ex_7_1.v(22) File: C:/Users/czhe/Downloads/digital_design/ex_7_1_simple_mem/ex_7_1.v Line: 22
Info (10041): Inferred latch for "mem[29][3]" at ex_7_1.v(22) File: C:/Users/czhe/Downloads/digital_design/ex_7_1_simple_mem/ex_7_1.v Line: 22
Info (10041): Inferred latch for "mem[28][0]" at ex_7_1.v(22) File: C:/Users/czhe/Downloads/digital_design/ex_7_1_simple_mem/ex_7_1.v Line: 22
Info (10041): Inferred latch for "mem[28][1]" at ex_7_1.v(22) File: C:/Users/czhe/Downloads/digital_design/ex_7_1_simple_mem/ex_7_1.v Line: 22
Info (10041): Inferred latch for "mem[28][2]" at ex_7_1.v(22) File: C:/Users/czhe/Downloads/digital_design/ex_7_1_simple_mem/ex_7_1.v Line: 22
Info (10041): Inferred latch for "mem[28][3]" at ex_7_1.v(22) File: C:/Users/czhe/Downloads/digital_design/ex_7_1_simple_mem/ex_7_1.v Line: 22
Info (10041): Inferred latch for "mem[27][0]" at ex_7_1.v(22) File: C:/Users/czhe/Downloads/digital_design/ex_7_1_simple_mem/ex_7_1.v Line: 22
Info (10041): Inferred latch for "mem[27][1]" at ex_7_1.v(22) File: C:/Users/czhe/Downloads/digital_design/ex_7_1_simple_mem/ex_7_1.v Line: 22
Info (10041): Inferred latch for "mem[27][2]" at ex_7_1.v(22) File: C:/Users/czhe/Downloads/digital_design/ex_7_1_simple_mem/ex_7_1.v Line: 22
Info (10041): Inferred latch for "mem[27][3]" at ex_7_1.v(22) File: C:/Users/czhe/Downloads/digital_design/ex_7_1_simple_mem/ex_7_1.v Line: 22
Info (10041): Inferred latch for "mem[26][0]" at ex_7_1.v(22) File: C:/Users/czhe/Downloads/digital_design/ex_7_1_simple_mem/ex_7_1.v Line: 22
Info (10041): Inferred latch for "mem[26][1]" at ex_7_1.v(22) File: C:/Users/czhe/Downloads/digital_design/ex_7_1_simple_mem/ex_7_1.v Line: 22
Info (10041): Inferred latch for "mem[26][2]" at ex_7_1.v(22) File: C:/Users/czhe/Downloads/digital_design/ex_7_1_simple_mem/ex_7_1.v Line: 22
Info (10041): Inferred latch for "mem[26][3]" at ex_7_1.v(22) File: C:/Users/czhe/Downloads/digital_design/ex_7_1_simple_mem/ex_7_1.v Line: 22
Info (10041): Inferred latch for "mem[25][0]" at ex_7_1.v(22) File: C:/Users/czhe/Downloads/digital_design/ex_7_1_simple_mem/ex_7_1.v Line: 22
Info (10041): Inferred latch for "mem[25][1]" at ex_7_1.v(22) File: C:/Users/czhe/Downloads/digital_design/ex_7_1_simple_mem/ex_7_1.v Line: 22
Info (10041): Inferred latch for "mem[25][2]" at ex_7_1.v(22) File: C:/Users/czhe/Downloads/digital_design/ex_7_1_simple_mem/ex_7_1.v Line: 22
Info (10041): Inferred latch for "mem[25][3]" at ex_7_1.v(22) File: C:/Users/czhe/Downloads/digital_design/ex_7_1_simple_mem/ex_7_1.v Line: 22
Info (10041): Inferred latch for "mem[24][0]" at ex_7_1.v(22) File: C:/Users/czhe/Downloads/digital_design/ex_7_1_simple_mem/ex_7_1.v Line: 22
Info (10041): Inferred latch for "mem[24][1]" at ex_7_1.v(22) File: C:/Users/czhe/Downloads/digital_design/ex_7_1_simple_mem/ex_7_1.v Line: 22
Info (10041): Inferred latch for "mem[24][2]" at ex_7_1.v(22) File: C:/Users/czhe/Downloads/digital_design/ex_7_1_simple_mem/ex_7_1.v Line: 22
Info (10041): Inferred latch for "mem[24][3]" at ex_7_1.v(22) File: C:/Users/czhe/Downloads/digital_design/ex_7_1_simple_mem/ex_7_1.v Line: 22
Info (10041): Inferred latch for "mem[23][0]" at ex_7_1.v(22) File: C:/Users/czhe/Downloads/digital_design/ex_7_1_simple_mem/ex_7_1.v Line: 22
Info (10041): Inferred latch for "mem[23][1]" at ex_7_1.v(22) File: C:/Users/czhe/Downloads/digital_design/ex_7_1_simple_mem/ex_7_1.v Line: 22
Info (10041): Inferred latch for "mem[23][2]" at ex_7_1.v(22) File: C:/Users/czhe/Downloads/digital_design/ex_7_1_simple_mem/ex_7_1.v Line: 22
Info (10041): Inferred latch for "mem[23][3]" at ex_7_1.v(22) File: C:/Users/czhe/Downloads/digital_design/ex_7_1_simple_mem/ex_7_1.v Line: 22
Info (10041): Inferred latch for "mem[22][0]" at ex_7_1.v(22) File: C:/Users/czhe/Downloads/digital_design/ex_7_1_simple_mem/ex_7_1.v Line: 22
Info (10041): Inferred latch for "mem[22][1]" at ex_7_1.v(22) File: C:/Users/czhe/Downloads/digital_design/ex_7_1_simple_mem/ex_7_1.v Line: 22
Info (10041): Inferred latch for "mem[22][2]" at ex_7_1.v(22) File: C:/Users/czhe/Downloads/digital_design/ex_7_1_simple_mem/ex_7_1.v Line: 22
Info (10041): Inferred latch for "mem[22][3]" at ex_7_1.v(22) File: C:/Users/czhe/Downloads/digital_design/ex_7_1_simple_mem/ex_7_1.v Line: 22
Info (10041): Inferred latch for "mem[21][0]" at ex_7_1.v(22) File: C:/Users/czhe/Downloads/digital_design/ex_7_1_simple_mem/ex_7_1.v Line: 22
Info (10041): Inferred latch for "mem[21][1]" at ex_7_1.v(22) File: C:/Users/czhe/Downloads/digital_design/ex_7_1_simple_mem/ex_7_1.v Line: 22
Info (10041): Inferred latch for "mem[21][2]" at ex_7_1.v(22) File: C:/Users/czhe/Downloads/digital_design/ex_7_1_simple_mem/ex_7_1.v Line: 22
Info (10041): Inferred latch for "mem[21][3]" at ex_7_1.v(22) File: C:/Users/czhe/Downloads/digital_design/ex_7_1_simple_mem/ex_7_1.v Line: 22
Info (10041): Inferred latch for "mem[20][0]" at ex_7_1.v(22) File: C:/Users/czhe/Downloads/digital_design/ex_7_1_simple_mem/ex_7_1.v Line: 22
Info (10041): Inferred latch for "mem[20][1]" at ex_7_1.v(22) File: C:/Users/czhe/Downloads/digital_design/ex_7_1_simple_mem/ex_7_1.v Line: 22
Info (10041): Inferred latch for "mem[20][2]" at ex_7_1.v(22) File: C:/Users/czhe/Downloads/digital_design/ex_7_1_simple_mem/ex_7_1.v Line: 22
Info (10041): Inferred latch for "mem[20][3]" at ex_7_1.v(22) File: C:/Users/czhe/Downloads/digital_design/ex_7_1_simple_mem/ex_7_1.v Line: 22
Info (10041): Inferred latch for "mem[19][0]" at ex_7_1.v(22) File: C:/Users/czhe/Downloads/digital_design/ex_7_1_simple_mem/ex_7_1.v Line: 22
Info (10041): Inferred latch for "mem[19][1]" at ex_7_1.v(22) File: C:/Users/czhe/Downloads/digital_design/ex_7_1_simple_mem/ex_7_1.v Line: 22
Info (10041): Inferred latch for "mem[19][2]" at ex_7_1.v(22) File: C:/Users/czhe/Downloads/digital_design/ex_7_1_simple_mem/ex_7_1.v Line: 22
Info (10041): Inferred latch for "mem[19][3]" at ex_7_1.v(22) File: C:/Users/czhe/Downloads/digital_design/ex_7_1_simple_mem/ex_7_1.v Line: 22
Info (10041): Inferred latch for "mem[18][0]" at ex_7_1.v(22) File: C:/Users/czhe/Downloads/digital_design/ex_7_1_simple_mem/ex_7_1.v Line: 22
Info (10041): Inferred latch for "mem[18][1]" at ex_7_1.v(22) File: C:/Users/czhe/Downloads/digital_design/ex_7_1_simple_mem/ex_7_1.v Line: 22
Info (10041): Inferred latch for "mem[18][2]" at ex_7_1.v(22) File: C:/Users/czhe/Downloads/digital_design/ex_7_1_simple_mem/ex_7_1.v Line: 22
Info (10041): Inferred latch for "mem[18][3]" at ex_7_1.v(22) File: C:/Users/czhe/Downloads/digital_design/ex_7_1_simple_mem/ex_7_1.v Line: 22
Info (10041): Inferred latch for "mem[17][0]" at ex_7_1.v(22) File: C:/Users/czhe/Downloads/digital_design/ex_7_1_simple_mem/ex_7_1.v Line: 22
Info (10041): Inferred latch for "mem[17][1]" at ex_7_1.v(22) File: C:/Users/czhe/Downloads/digital_design/ex_7_1_simple_mem/ex_7_1.v Line: 22
Info (10041): Inferred latch for "mem[17][2]" at ex_7_1.v(22) File: C:/Users/czhe/Downloads/digital_design/ex_7_1_simple_mem/ex_7_1.v Line: 22
Info (10041): Inferred latch for "mem[17][3]" at ex_7_1.v(22) File: C:/Users/czhe/Downloads/digital_design/ex_7_1_simple_mem/ex_7_1.v Line: 22
Info (10041): Inferred latch for "mem[16][0]" at ex_7_1.v(22) File: C:/Users/czhe/Downloads/digital_design/ex_7_1_simple_mem/ex_7_1.v Line: 22
Info (10041): Inferred latch for "mem[16][1]" at ex_7_1.v(22) File: C:/Users/czhe/Downloads/digital_design/ex_7_1_simple_mem/ex_7_1.v Line: 22
Info (10041): Inferred latch for "mem[16][2]" at ex_7_1.v(22) File: C:/Users/czhe/Downloads/digital_design/ex_7_1_simple_mem/ex_7_1.v Line: 22
Info (10041): Inferred latch for "mem[16][3]" at ex_7_1.v(22) File: C:/Users/czhe/Downloads/digital_design/ex_7_1_simple_mem/ex_7_1.v Line: 22
Info (10041): Inferred latch for "mem[15][0]" at ex_7_1.v(22) File: C:/Users/czhe/Downloads/digital_design/ex_7_1_simple_mem/ex_7_1.v Line: 22
Info (10041): Inferred latch for "mem[15][1]" at ex_7_1.v(22) File: C:/Users/czhe/Downloads/digital_design/ex_7_1_simple_mem/ex_7_1.v Line: 22
Info (10041): Inferred latch for "mem[15][2]" at ex_7_1.v(22) File: C:/Users/czhe/Downloads/digital_design/ex_7_1_simple_mem/ex_7_1.v Line: 22
Info (10041): Inferred latch for "mem[15][3]" at ex_7_1.v(22) File: C:/Users/czhe/Downloads/digital_design/ex_7_1_simple_mem/ex_7_1.v Line: 22
Info (10041): Inferred latch for "mem[14][0]" at ex_7_1.v(22) File: C:/Users/czhe/Downloads/digital_design/ex_7_1_simple_mem/ex_7_1.v Line: 22
Info (10041): Inferred latch for "mem[14][1]" at ex_7_1.v(22) File: C:/Users/czhe/Downloads/digital_design/ex_7_1_simple_mem/ex_7_1.v Line: 22
Info (10041): Inferred latch for "mem[14][2]" at ex_7_1.v(22) File: C:/Users/czhe/Downloads/digital_design/ex_7_1_simple_mem/ex_7_1.v Line: 22
Info (10041): Inferred latch for "mem[14][3]" at ex_7_1.v(22) File: C:/Users/czhe/Downloads/digital_design/ex_7_1_simple_mem/ex_7_1.v Line: 22
Info (10041): Inferred latch for "mem[13][0]" at ex_7_1.v(22) File: C:/Users/czhe/Downloads/digital_design/ex_7_1_simple_mem/ex_7_1.v Line: 22
Info (10041): Inferred latch for "mem[13][1]" at ex_7_1.v(22) File: C:/Users/czhe/Downloads/digital_design/ex_7_1_simple_mem/ex_7_1.v Line: 22
Info (10041): Inferred latch for "mem[13][2]" at ex_7_1.v(22) File: C:/Users/czhe/Downloads/digital_design/ex_7_1_simple_mem/ex_7_1.v Line: 22
Info (10041): Inferred latch for "mem[13][3]" at ex_7_1.v(22) File: C:/Users/czhe/Downloads/digital_design/ex_7_1_simple_mem/ex_7_1.v Line: 22
Info (10041): Inferred latch for "mem[12][0]" at ex_7_1.v(22) File: C:/Users/czhe/Downloads/digital_design/ex_7_1_simple_mem/ex_7_1.v Line: 22
Info (10041): Inferred latch for "mem[12][1]" at ex_7_1.v(22) File: C:/Users/czhe/Downloads/digital_design/ex_7_1_simple_mem/ex_7_1.v Line: 22
Info (10041): Inferred latch for "mem[12][2]" at ex_7_1.v(22) File: C:/Users/czhe/Downloads/digital_design/ex_7_1_simple_mem/ex_7_1.v Line: 22
Info (10041): Inferred latch for "mem[12][3]" at ex_7_1.v(22) File: C:/Users/czhe/Downloads/digital_design/ex_7_1_simple_mem/ex_7_1.v Line: 22
Info (10041): Inferred latch for "mem[11][0]" at ex_7_1.v(22) File: C:/Users/czhe/Downloads/digital_design/ex_7_1_simple_mem/ex_7_1.v Line: 22
Info (10041): Inferred latch for "mem[11][1]" at ex_7_1.v(22) File: C:/Users/czhe/Downloads/digital_design/ex_7_1_simple_mem/ex_7_1.v Line: 22
Info (10041): Inferred latch for "mem[11][2]" at ex_7_1.v(22) File: C:/Users/czhe/Downloads/digital_design/ex_7_1_simple_mem/ex_7_1.v Line: 22
Info (10041): Inferred latch for "mem[11][3]" at ex_7_1.v(22) File: C:/Users/czhe/Downloads/digital_design/ex_7_1_simple_mem/ex_7_1.v Line: 22
Info (10041): Inferred latch for "mem[10][0]" at ex_7_1.v(22) File: C:/Users/czhe/Downloads/digital_design/ex_7_1_simple_mem/ex_7_1.v Line: 22
Info (10041): Inferred latch for "mem[10][1]" at ex_7_1.v(22) File: C:/Users/czhe/Downloads/digital_design/ex_7_1_simple_mem/ex_7_1.v Line: 22
Info (10041): Inferred latch for "mem[10][2]" at ex_7_1.v(22) File: C:/Users/czhe/Downloads/digital_design/ex_7_1_simple_mem/ex_7_1.v Line: 22
Info (10041): Inferred latch for "mem[10][3]" at ex_7_1.v(22) File: C:/Users/czhe/Downloads/digital_design/ex_7_1_simple_mem/ex_7_1.v Line: 22
Info (10041): Inferred latch for "mem[9][0]" at ex_7_1.v(22) File: C:/Users/czhe/Downloads/digital_design/ex_7_1_simple_mem/ex_7_1.v Line: 22
Info (10041): Inferred latch for "mem[9][1]" at ex_7_1.v(22) File: C:/Users/czhe/Downloads/digital_design/ex_7_1_simple_mem/ex_7_1.v Line: 22
Info (10041): Inferred latch for "mem[9][2]" at ex_7_1.v(22) File: C:/Users/czhe/Downloads/digital_design/ex_7_1_simple_mem/ex_7_1.v Line: 22
Info (10041): Inferred latch for "mem[9][3]" at ex_7_1.v(22) File: C:/Users/czhe/Downloads/digital_design/ex_7_1_simple_mem/ex_7_1.v Line: 22
Info (10041): Inferred latch for "mem[8][0]" at ex_7_1.v(22) File: C:/Users/czhe/Downloads/digital_design/ex_7_1_simple_mem/ex_7_1.v Line: 22
Info (10041): Inferred latch for "mem[8][1]" at ex_7_1.v(22) File: C:/Users/czhe/Downloads/digital_design/ex_7_1_simple_mem/ex_7_1.v Line: 22
Info (10041): Inferred latch for "mem[8][2]" at ex_7_1.v(22) File: C:/Users/czhe/Downloads/digital_design/ex_7_1_simple_mem/ex_7_1.v Line: 22
Info (10041): Inferred latch for "mem[8][3]" at ex_7_1.v(22) File: C:/Users/czhe/Downloads/digital_design/ex_7_1_simple_mem/ex_7_1.v Line: 22
Info (10041): Inferred latch for "mem[7][0]" at ex_7_1.v(22) File: C:/Users/czhe/Downloads/digital_design/ex_7_1_simple_mem/ex_7_1.v Line: 22
Info (10041): Inferred latch for "mem[7][1]" at ex_7_1.v(22) File: C:/Users/czhe/Downloads/digital_design/ex_7_1_simple_mem/ex_7_1.v Line: 22
Info (10041): Inferred latch for "mem[7][2]" at ex_7_1.v(22) File: C:/Users/czhe/Downloads/digital_design/ex_7_1_simple_mem/ex_7_1.v Line: 22
Info (10041): Inferred latch for "mem[7][3]" at ex_7_1.v(22) File: C:/Users/czhe/Downloads/digital_design/ex_7_1_simple_mem/ex_7_1.v Line: 22
Info (10041): Inferred latch for "mem[6][0]" at ex_7_1.v(22) File: C:/Users/czhe/Downloads/digital_design/ex_7_1_simple_mem/ex_7_1.v Line: 22
Info (10041): Inferred latch for "mem[6][1]" at ex_7_1.v(22) File: C:/Users/czhe/Downloads/digital_design/ex_7_1_simple_mem/ex_7_1.v Line: 22
Info (10041): Inferred latch for "mem[6][2]" at ex_7_1.v(22) File: C:/Users/czhe/Downloads/digital_design/ex_7_1_simple_mem/ex_7_1.v Line: 22
Info (10041): Inferred latch for "mem[6][3]" at ex_7_1.v(22) File: C:/Users/czhe/Downloads/digital_design/ex_7_1_simple_mem/ex_7_1.v Line: 22
Info (10041): Inferred latch for "mem[5][0]" at ex_7_1.v(22) File: C:/Users/czhe/Downloads/digital_design/ex_7_1_simple_mem/ex_7_1.v Line: 22
Info (10041): Inferred latch for "mem[5][1]" at ex_7_1.v(22) File: C:/Users/czhe/Downloads/digital_design/ex_7_1_simple_mem/ex_7_1.v Line: 22
Info (10041): Inferred latch for "mem[5][2]" at ex_7_1.v(22) File: C:/Users/czhe/Downloads/digital_design/ex_7_1_simple_mem/ex_7_1.v Line: 22
Info (10041): Inferred latch for "mem[5][3]" at ex_7_1.v(22) File: C:/Users/czhe/Downloads/digital_design/ex_7_1_simple_mem/ex_7_1.v Line: 22
Info (10041): Inferred latch for "mem[4][0]" at ex_7_1.v(22) File: C:/Users/czhe/Downloads/digital_design/ex_7_1_simple_mem/ex_7_1.v Line: 22
Info (10041): Inferred latch for "mem[4][1]" at ex_7_1.v(22) File: C:/Users/czhe/Downloads/digital_design/ex_7_1_simple_mem/ex_7_1.v Line: 22
Info (10041): Inferred latch for "mem[4][2]" at ex_7_1.v(22) File: C:/Users/czhe/Downloads/digital_design/ex_7_1_simple_mem/ex_7_1.v Line: 22
Info (10041): Inferred latch for "mem[4][3]" at ex_7_1.v(22) File: C:/Users/czhe/Downloads/digital_design/ex_7_1_simple_mem/ex_7_1.v Line: 22
Info (10041): Inferred latch for "mem[3][0]" at ex_7_1.v(22) File: C:/Users/czhe/Downloads/digital_design/ex_7_1_simple_mem/ex_7_1.v Line: 22
Info (10041): Inferred latch for "mem[3][1]" at ex_7_1.v(22) File: C:/Users/czhe/Downloads/digital_design/ex_7_1_simple_mem/ex_7_1.v Line: 22
Info (10041): Inferred latch for "mem[3][2]" at ex_7_1.v(22) File: C:/Users/czhe/Downloads/digital_design/ex_7_1_simple_mem/ex_7_1.v Line: 22
Info (10041): Inferred latch for "mem[3][3]" at ex_7_1.v(22) File: C:/Users/czhe/Downloads/digital_design/ex_7_1_simple_mem/ex_7_1.v Line: 22
Info (10041): Inferred latch for "mem[2][0]" at ex_7_1.v(22) File: C:/Users/czhe/Downloads/digital_design/ex_7_1_simple_mem/ex_7_1.v Line: 22
Info (10041): Inferred latch for "mem[2][1]" at ex_7_1.v(22) File: C:/Users/czhe/Downloads/digital_design/ex_7_1_simple_mem/ex_7_1.v Line: 22
Info (10041): Inferred latch for "mem[2][2]" at ex_7_1.v(22) File: C:/Users/czhe/Downloads/digital_design/ex_7_1_simple_mem/ex_7_1.v Line: 22
Info (10041): Inferred latch for "mem[2][3]" at ex_7_1.v(22) File: C:/Users/czhe/Downloads/digital_design/ex_7_1_simple_mem/ex_7_1.v Line: 22
Info (10041): Inferred latch for "mem[1][0]" at ex_7_1.v(22) File: C:/Users/czhe/Downloads/digital_design/ex_7_1_simple_mem/ex_7_1.v Line: 22
Info (10041): Inferred latch for "mem[1][1]" at ex_7_1.v(22) File: C:/Users/czhe/Downloads/digital_design/ex_7_1_simple_mem/ex_7_1.v Line: 22
Info (10041): Inferred latch for "mem[1][2]" at ex_7_1.v(22) File: C:/Users/czhe/Downloads/digital_design/ex_7_1_simple_mem/ex_7_1.v Line: 22
Info (10041): Inferred latch for "mem[1][3]" at ex_7_1.v(22) File: C:/Users/czhe/Downloads/digital_design/ex_7_1_simple_mem/ex_7_1.v Line: 22
Info (10041): Inferred latch for "mem[0][0]" at ex_7_1.v(22) File: C:/Users/czhe/Downloads/digital_design/ex_7_1_simple_mem/ex_7_1.v Line: 22
Info (10041): Inferred latch for "mem[0][1]" at ex_7_1.v(22) File: C:/Users/czhe/Downloads/digital_design/ex_7_1_simple_mem/ex_7_1.v Line: 22
Info (10041): Inferred latch for "mem[0][2]" at ex_7_1.v(22) File: C:/Users/czhe/Downloads/digital_design/ex_7_1_simple_mem/ex_7_1.v Line: 22
Info (10041): Inferred latch for "mem[0][3]" at ex_7_1.v(22) File: C:/Users/czhe/Downloads/digital_design/ex_7_1_simple_mem/ex_7_1.v Line: 22
Info (10041): Inferred latch for "data_out[0]" at ex_7_1.v(22) File: C:/Users/czhe/Downloads/digital_design/ex_7_1_simple_mem/ex_7_1.v Line: 22
Info (10041): Inferred latch for "data_out[1]" at ex_7_1.v(22) File: C:/Users/czhe/Downloads/digital_design/ex_7_1_simple_mem/ex_7_1.v Line: 22
Info (10041): Inferred latch for "data_out[2]" at ex_7_1.v(22) File: C:/Users/czhe/Downloads/digital_design/ex_7_1_simple_mem/ex_7_1.v Line: 22
Info (10041): Inferred latch for "data_out[3]" at ex_7_1.v(22) File: C:/Users/czhe/Downloads/digital_design/ex_7_1_simple_mem/ex_7_1.v Line: 22
Info (286030): Timing-Driven Synthesis is running
Info (144001): Generated suppressed messages file C:/Users/czhe/Downloads/digital_design/ex_7_1_simple_mem/output_files/ex_7_1.map.smsg
Info (16010): Generating hard_block partition "hard_block:auto_generated_inst"
    Info (16011): Adding 0 node(s), including 0 DDIO, 0 PLL, 0 transceiver and 0 LCELL
Info (21057): Implemented 448 device resources after synthesis - the final resource count might be different
    Info (21058): Implemented 12 input pins
    Info (21059): Implemented 16 output pins
    Info (21061): Implemented 420 logic cells
Info: Quartus Prime Analysis & Synthesis was successful. 0 errors, 2 warnings
    Info: Peak virtual memory: 4888 megabytes
    Info: Processing ended: Thu Nov 14 10:50:40 2019
    Info: Elapsed time: 00:00:27
    Info: Total CPU time (on all processors): 00:01:04


+------------------------------------------+
; Analysis & Synthesis Suppressed Messages ;
+------------------------------------------+
The suppressed messages can be found in C:/Users/czhe/Downloads/digital_design/ex_7_1_simple_mem/output_files/ex_7_1.map.smsg.


